
> web@0.1.0 dev
> next dev

   ▲ Next.js 16.0.7 (Turbopack)
   - Local:         http://localhost:3000
   - Network:       http://172.20.10.3:3000
   - Environments: .env.local

 ✓ Starting...
 ⚠ The "middleware" file convention is deprecated. Please use "proxy" instead. Learn more: https://nextjs.org/docs/messages/middleware-to-proxy
 ✓ Ready in 1422ms
[UserCoreConfig] Current Configuration
  API URL: https://user-core.zeabur.app
  Timeout: 5000ms
  Batch Size: 10
  Batch Interval: 5000ms
  Max Retries: 0
  Retry Delay: 1000ms
  Enable User Sync: true
  Enable Event Sync: true
  Enable Monitoring: true
  Debug Mode: true
 GET / 200 in 2.7s (compile: 2.5s, render: 266ms)
 GET / 200 in 55ms (compile: 9ms, render: 45ms)
